CRITICAL - 2021-05-31 07:34:10 --> syntax error, unexpected token "new"
#0 L:\xampp\htdocs\Site-de-Receitas-em-CI\system\Router\Router.php(169): CodeIgniter\Router\Router->autoRoute('pages/showme')
#1 L:\xampp\htdocs\Site-de-Receitas-em-CI\system\CodeIgniter.php(812): CodeIgniter\Router\Router->handle('pages/showme')
#2 L:\xampp\htdocs\Site-de-Receitas-em-CI\system\CodeIgniter.php(392): CodeIgniter\CodeIgniter->tryToRouteIt(Object(CodeIgniter\Router\RouteCollection))
#3 L:\xampp\htdocs\Site-de-Receitas-em-CI\system\CodeIgniter.php(339): CodeIgniter\CodeIgniter->handleRequest(NULL, Object(Config\Cache), false)
#4 L:\xampp\htdocs\Site-de-Receitas-em-CI\public\index.php(37): CodeIgniter\CodeIgniter->run()
#5 L:\xampp\htdocs\Site-de-Receitas-em-CI\system\Commands\Server\rewrite.php(45): require_once('L:\\xampp\\htdocs...')
#6 {main}
CRITICAL - 2021-05-31 07:34:29 --> syntax error, unexpected token "new"
#0 L:\xampp\htdocs\Site-de-Receitas-em-CI\system\Router\Router.php(169): CodeIgniter\Router\Router->autoRoute('pages/showme')
#1 L:\xampp\htdocs\Site-de-Receitas-em-CI\system\CodeIgniter.php(812): CodeIgniter\Router\Router->handle('pages/showme')
#2 L:\xampp\htdocs\Site-de-Receitas-em-CI\system\CodeIgniter.php(392): CodeIgniter\CodeIgniter->tryToRouteIt(Object(CodeIgniter\Router\RouteCollection))
#3 L:\xampp\htdocs\Site-de-Receitas-em-CI\system\CodeIgniter.php(339): CodeIgniter\CodeIgniter->handleRequest(NULL, Object(Config\Cache), false)
#4 L:\xampp\htdocs\Site-de-Receitas-em-CI\public\index.php(37): CodeIgniter\CodeIgniter->run()
#5 L:\xampp\htdocs\Site-de-Receitas-em-CI\system\Commands\Server\rewrite.php(45): require_once('L:\\xampp\\htdocs...')
#6 {main}
CRITICAL - 2021-05-31 07:35:03 --> Class "CodeIgniter\Exception\PageNotFoundException" not found
#0 L:\xampp\htdocs\Site-de-Receitas-em-CI\system\CodeIgniter.php(931): App\Controllers\Pages->showme('aa')
#1 L:\xampp\htdocs\Site-de-Receitas-em-CI\system\CodeIgniter.php(439): CodeIgniter\CodeIgniter->runController(Object(App\Controllers\Pages))
#2 L:\xampp\htdocs\Site-de-Receitas-em-CI\system\CodeIgniter.php(339): CodeIgniter\CodeIgniter->handleRequest(NULL, Object(Config\Cache), false)
#3 L:\xampp\htdocs\Site-de-Receitas-em-CI\public\index.php(37): CodeIgniter\CodeIgniter->run()
#4 L:\xampp\htdocs\Site-de-Receitas-em-CI\system\Commands\Server\rewrite.php(45): require_once('L:\\xampp\\htdocs...')
#5 {main}
CRITICAL - 2021-05-31 07:47:01 --> syntax error, unexpected token ";", expecting "]"
#0 L:\xampp\htdocs\Site-de-Receitas-em-CI\system\Router\Router.php(169): CodeIgniter\Router\Router->autoRoute('news')
#1 L:\xampp\htdocs\Site-de-Receitas-em-CI\system\CodeIgniter.php(812): CodeIgniter\Router\Router->handle('news')
#2 L:\xampp\htdocs\Site-de-Receitas-em-CI\system\CodeIgniter.php(392): CodeIgniter\CodeIgniter->tryToRouteIt(Object(CodeIgniter\Router\RouteCollection))
#3 L:\xampp\htdocs\Site-de-Receitas-em-CI\system\CodeIgniter.php(339): CodeIgniter\CodeIgniter->handleRequest(NULL, Object(Config\Cache), false)
#4 L:\xampp\htdocs\Site-de-Receitas-em-CI\public\index.php(37): CodeIgniter\CodeIgniter->run()
#5 L:\xampp\htdocs\Site-de-Receitas-em-CI\system\Commands\Server\rewrite.php(45): require_once('L:\\xampp\\htdocs...')
#6 {main}
CRITICAL - 2021-05-31 07:47:16 --> Class "App\Controllers\NewsModel" not found
#0 L:\xampp\htdocs\Site-de-Receitas-em-CI\system\CodeIgniter.php(931): App\Controllers\News->index()
#1 L:\xampp\htdocs\Site-de-Receitas-em-CI\system\CodeIgniter.php(439): CodeIgniter\CodeIgniter->runController(Object(App\Controllers\News))
#2 L:\xampp\htdocs\Site-de-Receitas-em-CI\system\CodeIgniter.php(339): CodeIgniter\CodeIgniter->handleRequest(NULL, Object(Config\Cache), false)
#3 L:\xampp\htdocs\Site-de-Receitas-em-CI\public\index.php(37): CodeIgniter\CodeIgniter->run()
#4 L:\xampp\htdocs\Site-de-Receitas-em-CI\system\Commands\Server\rewrite.php(45): require_once('L:\\xampp\\htdocs...')
#5 {main}
CRITICAL - 2021-05-31 07:47:37 --> Class "App\Controllers\NewsModel" not found
#0 L:\xampp\htdocs\Site-de-Receitas-em-CI\system\CodeIgniter.php(931): App\Controllers\News->index()
#1 L:\xampp\htdocs\Site-de-Receitas-em-CI\system\CodeIgniter.php(439): CodeIgniter\CodeIgniter->runController(Object(App\Controllers\News))
#2 L:\xampp\htdocs\Site-de-Receitas-em-CI\system\CodeIgniter.php(339): CodeIgniter\CodeIgniter->handleRequest(NULL, Object(Config\Cache), false)
#3 L:\xampp\htdocs\Site-de-Receitas-em-CI\public\index.php(37): CodeIgniter\CodeIgniter->run()
#4 L:\xampp\htdocs\Site-de-Receitas-em-CI\system\Commands\Server\rewrite.php(45): require_once('L:\\xampp\\htdocs...')
#5 {main}
CRITICAL - 2021-05-31 07:49:29 --> Class "Appz\Models\NewsModel" not found
#0 L:\xampp\htdocs\Site-de-Receitas-em-CI\system\CodeIgniter.php(931): App\Controllers\News->index()
#1 L:\xampp\htdocs\Site-de-Receitas-em-CI\system\CodeIgniter.php(439): CodeIgniter\CodeIgniter->runController(Object(App\Controllers\News))
#2 L:\xampp\htdocs\Site-de-Receitas-em-CI\system\CodeIgniter.php(339): CodeIgniter\CodeIgniter->handleRequest(NULL, Object(Config\Cache), false)
#3 L:\xampp\htdocs\Site-de-Receitas-em-CI\public\index.php(37): CodeIgniter\CodeIgniter->run()
#4 L:\xampp\htdocs\Site-de-Receitas-em-CI\system\Commands\Server\rewrite.php(45): require_once('L:\\xampp\\htdocs...')
#5 {main}
CRITICAL - 2021-05-31 07:49:35 --> Undefined constant "App\Models\this"
#0 L:\xampp\htdocs\Site-de-Receitas-em-CI\app\Controllers\News.php(13): App\Models\NewsModel->getNews()
#1 L:\xampp\htdocs\Site-de-Receitas-em-CI\system\CodeIgniter.php(931): App\Controllers\News->index()
#2 L:\xampp\htdocs\Site-de-Receitas-em-CI\system\CodeIgniter.php(439): CodeIgniter\CodeIgniter->runController(Object(App\Controllers\News))
#3 L:\xampp\htdocs\Site-de-Receitas-em-CI\system\CodeIgniter.php(339): CodeIgniter\CodeIgniter->handleRequest(NULL, Object(Config\Cache), false)
#4 L:\xampp\htdocs\Site-de-Receitas-em-CI\public\index.php(37): CodeIgniter\CodeIgniter->run()
#5 L:\xampp\htdocs\Site-de-Receitas-em-CI\system\Commands\Server\rewrite.php(45): require_once('L:\\xampp\\htdocs...')
#6 {main}
CRITICAL - 2021-05-31 08:05:40 --> Undefined array key "title"
#0 L:\xampp\htdocs\Site-de-Receitas-em-CI\app\Controllers\News.php(30): CodeIgniter\Debug\Exceptions->errorHandler(2, 'Undefined array...', 'L:\\xampp\\htdocs...', 30)
#1 L:\xampp\htdocs\Site-de-Receitas-em-CI\system\CodeIgniter.php(931): App\Controllers\News->view()
#2 L:\xampp\htdocs\Site-de-Receitas-em-CI\system\CodeIgniter.php(439): CodeIgniter\CodeIgniter->runController(Object(App\Controllers\News))
#3 L:\xampp\htdocs\Site-de-Receitas-em-CI\system\CodeIgniter.php(339): CodeIgniter\CodeIgniter->handleRequest(NULL, Object(Config\Cache), false)
#4 L:\xampp\htdocs\Site-de-Receitas-em-CI\public\index.php(37): CodeIgniter\CodeIgniter->run()
#5 L:\xampp\htdocs\Site-de-Receitas-em-CI\system\Commands\Server\rewrite.php(45): require_once('L:\\xampp\\htdocs...')
#6 {main}
CRITICAL - 2021-05-31 08:07:17 --> Undefined variable $slug
#0 L:\xampp\htdocs\Site-de-Receitas-em-CI\app\Models\NewsModel.php(16): CodeIgniter\Debug\Exceptions->errorHandler(2, 'Undefined varia...', 'L:\\xampp\\htdocs...', 16)
#1 L:\xampp\htdocs\Site-de-Receitas-em-CI\app\Controllers\News.php(24): App\Models\NewsModel->getNews('ovos-no-purgat\xC3...')
#2 L:\xampp\htdocs\Site-de-Receitas-em-CI\system\CodeIgniter.php(931): App\Controllers\News->view('ovos-no-purgat\xC3...')
#3 L:\xampp\htdocs\Site-de-Receitas-em-CI\system\CodeIgniter.php(439): CodeIgniter\CodeIgniter->runController(Object(App\Controllers\News))
#4 L:\xampp\htdocs\Site-de-Receitas-em-CI\system\CodeIgniter.php(339): CodeIgniter\CodeIgniter->handleRequest(NULL, Object(Config\Cache), false)
#5 L:\xampp\htdocs\Site-de-Receitas-em-CI\public\index.php(37): CodeIgniter\CodeIgniter->run()
#6 L:\xampp\htdocs\Site-de-Receitas-em-CI\system\Commands\Server\rewrite.php(45): require_once('L:\\xampp\\htdocs...')
#7 {main}
CRITICAL - 2021-05-31 08:11:27 --> Undefined variable $title
#0 L:\xampp\htdocs\Site-de-Receitas-em-CI\app\Views\templates\header.php(31): CodeIgniter\Debug\Exceptions->errorHandler(2, 'Undefined varia...', 'L:\\xampp\\htdocs...', 31)
#1 L:\xampp\htdocs\Site-de-Receitas-em-CI\system\View\View.php(230): include('L:\\xampp\\htdocs...')
#2 L:\xampp\htdocs\Site-de-Receitas-em-CI\system\View\View.php(232): CodeIgniter\View\View->CodeIgniter\View\{closure}()
#3 L:\xampp\htdocs\Site-de-Receitas-em-CI\system\Common.php(1271): CodeIgniter\View\View->render('templates/heade...', Array, true)
#4 L:\xampp\htdocs\Site-de-Receitas-em-CI\app\Controllers\News.php(31): view('templates/heade...')
#5 L:\xampp\htdocs\Site-de-Receitas-em-CI\system\CodeIgniter.php(931): App\Controllers\News->view('ovos-no-purgat\xC3...')
#6 L:\xampp\htdocs\Site-de-Receitas-em-CI\system\CodeIgniter.php(439): CodeIgniter\CodeIgniter->runController(Object(App\Controllers\News))
#7 L:\xampp\htdocs\Site-de-Receitas-em-CI\system\CodeIgniter.php(339): CodeIgniter\CodeIgniter->handleRequest(NULL, Object(Config\Cache), false)
#8 L:\xampp\htdocs\Site-de-Receitas-em-CI\public\index.php(37): CodeIgniter\CodeIgniter->run()
#9 L:\xampp\htdocs\Site-de-Receitas-em-CI\system\Commands\Server\rewrite.php(45): require_once('L:\\xampp\\htdocs...')
#10 {main}
CRITICAL - 2021-05-31 08:11:38 --> Undefined variable $title
#0 L:\xampp\htdocs\Site-de-Receitas-em-CI\app\Views\templates\header.php(31): CodeIgniter\Debug\Exceptions->errorHandler(2, 'Undefined varia...', 'L:\\xampp\\htdocs...', 31)
#1 L:\xampp\htdocs\Site-de-Receitas-em-CI\system\View\View.php(230): include('L:\\xampp\\htdocs...')
#2 L:\xampp\htdocs\Site-de-Receitas-em-CI\system\View\View.php(232): CodeIgniter\View\View->CodeIgniter\View\{closure}()
#3 L:\xampp\htdocs\Site-de-Receitas-em-CI\system\Common.php(1271): CodeIgniter\View\View->render('templates/heade...', Array, true)
#4 L:\xampp\htdocs\Site-de-Receitas-em-CI\app\Controllers\News.php(31): view('templates/heade...')
#5 L:\xampp\htdocs\Site-de-Receitas-em-CI\system\CodeIgniter.php(931): App\Controllers\News->view('ovos-no-purgat\xC3...')
#6 L:\xampp\htdocs\Site-de-Receitas-em-CI\system\CodeIgniter.php(439): CodeIgniter\CodeIgniter->runController(Object(App\Controllers\News))
#7 L:\xampp\htdocs\Site-de-Receitas-em-CI\system\CodeIgniter.php(339): CodeIgniter\CodeIgniter->handleRequest(NULL, Object(Config\Cache), false)
#8 L:\xampp\htdocs\Site-de-Receitas-em-CI\public\index.php(37): CodeIgniter\CodeIgniter->run()
#9 L:\xampp\htdocs\Site-de-Receitas-em-CI\system\Commands\Server\rewrite.php(45): require_once('L:\\xampp\\htdocs...')
#10 {main}
CRITICAL - 2021-05-31 08:11:40 --> Undefined variable $title
#0 L:\xampp\htdocs\Site-de-Receitas-em-CI\app\Views\templates\header.php(31): CodeIgniter\Debug\Exceptions->errorHandler(2, 'Undefined varia...', 'L:\\xampp\\htdocs...', 31)
#1 L:\xampp\htdocs\Site-de-Receitas-em-CI\system\View\View.php(230): include('L:\\xampp\\htdocs...')
#2 L:\xampp\htdocs\Site-de-Receitas-em-CI\system\View\View.php(232): CodeIgniter\View\View->CodeIgniter\View\{closure}()
#3 L:\xampp\htdocs\Site-de-Receitas-em-CI\system\Common.php(1271): CodeIgniter\View\View->render('templates/heade...', Array, true)
#4 L:\xampp\htdocs\Site-de-Receitas-em-CI\app\Controllers\News.php(31): view('templates/heade...')
#5 L:\xampp\htdocs\Site-de-Receitas-em-CI\system\CodeIgniter.php(931): App\Controllers\News->view('ovos-no-purgat\xC3...')
#6 L:\xampp\htdocs\Site-de-Receitas-em-CI\system\CodeIgniter.php(439): CodeIgniter\CodeIgniter->runController(Object(App\Controllers\News))
#7 L:\xampp\htdocs\Site-de-Receitas-em-CI\system\CodeIgniter.php(339): CodeIgniter\CodeIgniter->handleRequest(NULL, Object(Config\Cache), false)
#8 L:\xampp\htdocs\Site-de-Receitas-em-CI\public\index.php(37): CodeIgniter\CodeIgniter->run()
#9 L:\xampp\htdocs\Site-de-Receitas-em-CI\system\Commands\Server\rewrite.php(45): require_once('L:\\xampp\\htdocs...')
#10 {main}
CRITICAL - 2021-05-31 08:27:52 --> min_lenght is not a valid rule.
#0 L:\xampp\htdocs\Site-de-Receitas-em-CI\system\Validation\Validation.php(321): CodeIgniter\Validation\Exceptions\ValidationException::forRuleNotFound('min_lenght')
#1 L:\xampp\htdocs\Site-de-Receitas-em-CI\system\Validation\Validation.php(159): CodeIgniter\Validation\Validation->processRules('title', 'title', 'T\xC3\xADtulo da Rece...', Array, Array)
#2 L:\xampp\htdocs\Site-de-Receitas-em-CI\system\Controller.php(183): CodeIgniter\Validation\Validation->run()
#3 L:\xampp\htdocs\Site-de-Receitas-em-CI\app\Controllers\News.php(54): CodeIgniter\Controller->validate(Array)
#4 L:\xampp\htdocs\Site-de-Receitas-em-CI\system\CodeIgniter.php(931): App\Controllers\News->store()
#5 L:\xampp\htdocs\Site-de-Receitas-em-CI\system\CodeIgniter.php(439): CodeIgniter\CodeIgniter->runController(Object(App\Controllers\News))
#6 L:\xampp\htdocs\Site-de-Receitas-em-CI\system\CodeIgniter.php(339): CodeIgniter\CodeIgniter->handleRequest(NULL, Object(Config\Cache), false)
#7 L:\xampp\htdocs\Site-de-Receitas-em-CI\public\index.php(37): CodeIgniter\CodeIgniter->run()
#8 L:\xampp\htdocs\Site-de-Receitas-em-CI\system\Commands\Server\rewrite.php(45): require_once('L:\\xampp\\htdocs...')
#9 {main}
CRITICAL - 2021-05-31 08:31:05 --> Invalid file: home.php
#0 L:\xampp\htdocs\Site-de-Receitas-em-CI\system\View\View.php(213): CodeIgniter\Exceptions\FrameworkException::forInvalidFile('home.php')
#1 L:\xampp\htdocs\Site-de-Receitas-em-CI\system\Common.php(1271): CodeIgniter\View\View->render('home', Array, true)
#2 L:\xampp\htdocs\Site-de-Receitas-em-CI\app\Controllers\Home.php(9): view('home')
#3 L:\xampp\htdocs\Site-de-Receitas-em-CI\system\CodeIgniter.php(931): App\Controllers\Home->index()
#4 L:\xampp\htdocs\Site-de-Receitas-em-CI\system\CodeIgniter.php(439): CodeIgniter\CodeIgniter->runController(Object(App\Controllers\Home))
#5 L:\xampp\htdocs\Site-de-Receitas-em-CI\system\CodeIgniter.php(339): CodeIgniter\CodeIgniter->handleRequest(NULL, Object(Config\Cache), false)
#6 L:\xampp\htdocs\Site-de-Receitas-em-CI\public\index.php(37): CodeIgniter\CodeIgniter->run()
#7 L:\xampp\htdocs\Site-de-Receitas-em-CI\system\Commands\Server\rewrite.php(45): require_once('L:\\xampp\\htdocs...')
#8 {main}
CRITICAL - 2021-05-31 08:31:21 --> Invalid file: overview.php
#0 L:\xampp\htdocs\Site-de-Receitas-em-CI\system\View\View.php(213): CodeIgniter\Exceptions\FrameworkException::forInvalidFile('overview.php')
#1 L:\xampp\htdocs\Site-de-Receitas-em-CI\system\Common.php(1271): CodeIgniter\View\View->render('overview', Array, true)
#2 L:\xampp\htdocs\Site-de-Receitas-em-CI\app\Controllers\Home.php(9): view('overview')
#3 L:\xampp\htdocs\Site-de-Receitas-em-CI\system\CodeIgniter.php(931): App\Controllers\Home->index()
#4 L:\xampp\htdocs\Site-de-Receitas-em-CI\system\CodeIgniter.php(439): CodeIgniter\CodeIgniter->runController(Object(App\Controllers\Home))
#5 L:\xampp\htdocs\Site-de-Receitas-em-CI\system\CodeIgniter.php(339): CodeIgniter\CodeIgniter->handleRequest(NULL, Object(Config\Cache), false)
#6 L:\xampp\htdocs\Site-de-Receitas-em-CI\public\index.php(37): CodeIgniter\CodeIgniter->run()
#7 L:\xampp\htdocs\Site-de-Receitas-em-CI\system\Commands\Server\rewrite.php(45): require_once('L:\\xampp\\htdocs...')
#8 {main}
CRITICAL - 2021-05-31 08:31:47 --> Invalid file: home.php
#0 L:\xampp\htdocs\Site-de-Receitas-em-CI\system\View\View.php(213): CodeIgniter\Exceptions\FrameworkException::forInvalidFile('home.php')
#1 L:\xampp\htdocs\Site-de-Receitas-em-CI\system\Common.php(1271): CodeIgniter\View\View->render('home', Array, true)
#2 L:\xampp\htdocs\Site-de-Receitas-em-CI\app\Controllers\Home.php(9): view('home')
#3 L:\xampp\htdocs\Site-de-Receitas-em-CI\system\CodeIgniter.php(931): App\Controllers\Home->index()
#4 L:\xampp\htdocs\Site-de-Receitas-em-CI\system\CodeIgniter.php(439): CodeIgniter\CodeIgniter->runController(Object(App\Controllers\Home))
#5 L:\xampp\htdocs\Site-de-Receitas-em-CI\system\CodeIgniter.php(339): CodeIgniter\CodeIgniter->handleRequest(NULL, Object(Config\Cache), false)
#6 L:\xampp\htdocs\Site-de-Receitas-em-CI\public\index.php(37): CodeIgniter\CodeIgniter->run()
#7 L:\xampp\htdocs\Site-de-Receitas-em-CI\system\Commands\Server\rewrite.php(45): require_once('L:\\xampp\\htdocs...')
#8 {main}
CRITICAL - 2021-05-31 08:39:47 --> Array to string conversion
#0 L:\xampp\htdocs\Site-de-Receitas-em-CI\app\Controllers\News.php(83): CodeIgniter\Debug\Exceptions->errorHandler(2, 'Array to string...', 'L:\\xampp\\htdocs...', 83)
#1 L:\xampp\htdocs\Site-de-Receitas-em-CI\system\CodeIgniter.php(931): App\Controllers\News->edit('ovo-frito-com-g...')
#2 L:\xampp\htdocs\Site-de-Receitas-em-CI\system\CodeIgniter.php(439): CodeIgniter\CodeIgniter->runController(Object(App\Controllers\News))
#3 L:\xampp\htdocs\Site-de-Receitas-em-CI\system\CodeIgniter.php(339): CodeIgniter\CodeIgniter->handleRequest(NULL, Object(Config\Cache), false)
#4 L:\xampp\htdocs\Site-de-Receitas-em-CI\public\index.php(37): CodeIgniter\CodeIgniter->run()
#5 L:\xampp\htdocs\Site-de-Receitas-em-CI\system\Commands\Server\rewrite.php(45): require_once('L:\\xampp\\htdocs...')
#6 {main}
CRITICAL - 2021-05-31 08:41:35 --> Array to string conversion
#0 L:\xampp\htdocs\Site-de-Receitas-em-CI\app\Controllers\News.php(83): CodeIgniter\Debug\Exceptions->errorHandler(2, 'Array to string...', 'L:\\xampp\\htdocs...', 83)
#1 L:\xampp\htdocs\Site-de-Receitas-em-CI\system\CodeIgniter.php(931): App\Controllers\News->edit('ovo-frito-com-g...')
#2 L:\xampp\htdocs\Site-de-Receitas-em-CI\system\CodeIgniter.php(439): CodeIgniter\CodeIgniter->runController(Object(App\Controllers\News))
#3 L:\xampp\htdocs\Site-de-Receitas-em-CI\system\CodeIgniter.php(339): CodeIgniter\CodeIgniter->handleRequest(NULL, Object(Config\Cache), false)
#4 L:\xampp\htdocs\Site-de-Receitas-em-CI\public\index.php(37): CodeIgniter\CodeIgniter->run()
#5 L:\xampp\htdocs\Site-de-Receitas-em-CI\system\Commands\Server\rewrite.php(45): require_once('L:\\xampp\\htdocs...')
#6 {main}
CRITICAL - 2021-05-31 08:41:42 --> Array to string conversion
#0 L:\xampp\htdocs\Site-de-Receitas-em-CI\app\Controllers\News.php(83): CodeIgniter\Debug\Exceptions->errorHandler(2, 'Array to string...', 'L:\\xampp\\htdocs...', 83)
#1 L:\xampp\htdocs\Site-de-Receitas-em-CI\system\CodeIgniter.php(931): App\Controllers\News->edit('ovo-frito-com-g...')
#2 L:\xampp\htdocs\Site-de-Receitas-em-CI\system\CodeIgniter.php(439): CodeIgniter\CodeIgniter->runController(Object(App\Controllers\News))
#3 L:\xampp\htdocs\Site-de-Receitas-em-CI\system\CodeIgniter.php(339): CodeIgniter\CodeIgniter->handleRequest(NULL, Object(Config\Cache), false)
#4 L:\xampp\htdocs\Site-de-Receitas-em-CI\public\index.php(37): CodeIgniter\CodeIgniter->run()
#5 L:\xampp\htdocs\Site-de-Receitas-em-CI\system\Commands\Server\rewrite.php(45): require_once('L:\\xampp\\htdocs...')
#6 {main}
CRITICAL - 2021-05-31 08:42:23 --> Array to string conversion
#0 L:\xampp\htdocs\Site-de-Receitas-em-CI\app\Controllers\News.php(83): CodeIgniter\Debug\Exceptions->errorHandler(2, 'Array to string...', 'L:\\xampp\\htdocs...', 83)
#1 L:\xampp\htdocs\Site-de-Receitas-em-CI\system\CodeIgniter.php(931): App\Controllers\News->edit('ovo-frito-com-g...')
#2 L:\xampp\htdocs\Site-de-Receitas-em-CI\system\CodeIgniter.php(439): CodeIgniter\CodeIgniter->runController(Object(App\Controllers\News))
#3 L:\xampp\htdocs\Site-de-Receitas-em-CI\system\CodeIgniter.php(339): CodeIgniter\CodeIgniter->handleRequest(NULL, Object(Config\Cache), false)
#4 L:\xampp\htdocs\Site-de-Receitas-em-CI\public\index.php(37): CodeIgniter\CodeIgniter->run()
#5 L:\xampp\htdocs\Site-de-Receitas-em-CI\system\Commands\Server\rewrite.php(45): require_once('L:\\xampp\\htdocs...')
#6 {main}
CRITICAL - 2021-05-31 08:43:51 --> Array to string conversion
#0 L:\xampp\htdocs\Site-de-Receitas-em-CI\app\Controllers\News.php(84): CodeIgniter\Debug\Exceptions->errorHandler(2, 'Array to string...', 'L:\\xampp\\htdocs...', 84)
#1 L:\xampp\htdocs\Site-de-Receitas-em-CI\system\CodeIgniter.php(931): App\Controllers\News->edit('ovos-no-purgat\xC3...')
#2 L:\xampp\htdocs\Site-de-Receitas-em-CI\system\CodeIgniter.php(439): CodeIgniter\CodeIgniter->runController(Object(App\Controllers\News))
#3 L:\xampp\htdocs\Site-de-Receitas-em-CI\system\CodeIgniter.php(339): CodeIgniter\CodeIgniter->handleRequest(NULL, Object(Config\Cache), false)
#4 L:\xampp\htdocs\Site-de-Receitas-em-CI\public\index.php(37): CodeIgniter\CodeIgniter->run()
#5 L:\xampp\htdocs\Site-de-Receitas-em-CI\system\Commands\Server\rewrite.php(45): require_once('L:\\xampp\\htdocs...')
#6 {main}
CRITICAL - 2021-05-31 08:43:55 --> Array to string conversion
#0 L:\xampp\htdocs\Site-de-Receitas-em-CI\app\Controllers\News.php(84): CodeIgniter\Debug\Exceptions->errorHandler(2, 'Array to string...', 'L:\\xampp\\htdocs...', 84)
#1 L:\xampp\htdocs\Site-de-Receitas-em-CI\system\CodeIgniter.php(931): App\Controllers\News->edit('ovos-no-purgato...')
#2 L:\xampp\htdocs\Site-de-Receitas-em-CI\system\CodeIgniter.php(439): CodeIgniter\CodeIgniter->runController(Object(App\Controllers\News))
#3 L:\xampp\htdocs\Site-de-Receitas-em-CI\system\CodeIgniter.php(339): CodeIgniter\CodeIgniter->handleRequest(NULL, Object(Config\Cache), false)
#4 L:\xampp\htdocs\Site-de-Receitas-em-CI\public\index.php(37): CodeIgniter\CodeIgniter->run()
#5 L:\xampp\htdocs\Site-de-Receitas-em-CI\system\Commands\Server\rewrite.php(45): require_once('L:\\xampp\\htdocs...')
#6 {main}
CRITICAL - 2021-05-31 08:45:08 --> Array to string conversion
#0 L:\xampp\htdocs\Site-de-Receitas-em-CI\app\Controllers\News.php(84): CodeIgniter\Debug\Exceptions->errorHandler(2, 'Array to string...', 'L:\\xampp\\htdocs...', 84)
#1 L:\xampp\htdocs\Site-de-Receitas-em-CI\system\CodeIgniter.php(931): App\Controllers\News->edit('44')
#2 L:\xampp\htdocs\Site-de-Receitas-em-CI\system\CodeIgniter.php(439): CodeIgniter\CodeIgniter->runController(Object(App\Controllers\News))
#3 L:\xampp\htdocs\Site-de-Receitas-em-CI\system\CodeIgniter.php(339): CodeIgniter\CodeIgniter->handleRequest(NULL, Object(Config\Cache), false)
#4 L:\xampp\htdocs\Site-de-Receitas-em-CI\public\index.php(37): CodeIgniter\CodeIgniter->run()
#5 L:\xampp\htdocs\Site-de-Receitas-em-CI\system\Commands\Server\rewrite.php(45): require_once('L:\\xampp\\htdocs...')
#6 {main}
CRITICAL - 2021-05-31 08:45:23 --> Array to string conversion
#0 L:\xampp\htdocs\Site-de-Receitas-em-CI\app\Controllers\News.php(84): CodeIgniter\Debug\Exceptions->errorHandler(2, 'Array to string...', 'L:\\xampp\\htdocs...', 84)
#1 L:\xampp\htdocs\Site-de-Receitas-em-CI\system\CodeIgniter.php(931): App\Controllers\News->edit('43')
#2 L:\xampp\htdocs\Site-de-Receitas-em-CI\system\CodeIgniter.php(439): CodeIgniter\CodeIgniter->runController(Object(App\Controllers\News))
#3 L:\xampp\htdocs\Site-de-Receitas-em-CI\system\CodeIgniter.php(339): CodeIgniter\CodeIgniter->handleRequest(NULL, Object(Config\Cache), false)
#4 L:\xampp\htdocs\Site-de-Receitas-em-CI\public\index.php(37): CodeIgniter\CodeIgniter->run()
#5 L:\xampp\htdocs\Site-de-Receitas-em-CI\system\Commands\Server\rewrite.php(45): require_once('L:\\xampp\\htdocs...')
#6 {main}
CRITICAL - 2021-05-31 09:17:50 --> Undefined variable $news_item
#0 L:\xampp\htdocs\Site-de-Receitas-em-CI\app\Views\news\view.php(12): CodeIgniter\Debug\Exceptions->errorHandler(2, 'Undefined varia...', 'L:\\xampp\\htdocs...', 12)
#1 L:\xampp\htdocs\Site-de-Receitas-em-CI\system\View\View.php(230): include('L:\\xampp\\htdocs...')
#2 L:\xampp\htdocs\Site-de-Receitas-em-CI\system\View\View.php(232): CodeIgniter\View\View->CodeIgniter\View\{closure}()
#3 L:\xampp\htdocs\Site-de-Receitas-em-CI\system\Common.php(1271): CodeIgniter\View\View->render('news/view', Array, true)
#4 L:\xampp\htdocs\Site-de-Receitas-em-CI\app\Controllers\News.php(32): view('news/view', Array)
#5 L:\xampp\htdocs\Site-de-Receitas-em-CI\system\CodeIgniter.php(931): App\Controllers\News->view('46')
#6 L:\xampp\htdocs\Site-de-Receitas-em-CI\system\CodeIgniter.php(439): CodeIgniter\CodeIgniter->runController(Object(App\Controllers\News))
#7 L:\xampp\htdocs\Site-de-Receitas-em-CI\system\CodeIgniter.php(339): CodeIgniter\CodeIgniter->handleRequest(NULL, Object(Config\Cache), false)
#8 L:\xampp\htdocs\Site-de-Receitas-em-CI\public\index.php(37): CodeIgniter\CodeIgniter->run()
#9 L:\xampp\htdocs\Site-de-Receitas-em-CI\system\Commands\Server\rewrite.php(45): require_once('L:\\xampp\\htdocs...')
#10 {main}
